*** Using Compiler 'V5.06 update 6 (build 750)', folder: 'D:\Program Files (x86)\ARM\ARMCC\Bin'
Build target 'Target 1'
compiling CirQueue.c...
compiling LED.c...
compiling Timer.c...
compiling Main.c...
compiling Delay.c...
compiling KeyOne.c...
compiling UART0.c...
compiling gd32f30x_misc.c...
compiling RCU.c...
compiling gd32f30x_timer.c...
compiling gd32f30x_usart.c...
compiling gd32f30x_gpio.c...
compiling gd32f30x_fmc.c...
compiling gd32f30x_rcu.c...
compiling gd32f30x_exmc.c...
assembling startup_gd32f30x_hd.s...
compiling gd32f30x_dma.c...
compiling gd32f30x_adc.c...
compiling gd32f30x_sdio.c...
compiling gd32f30x_dac.c...
compiling gd32f30x_it.c...
compiling NVIC.c...
compiling system_gd32f30x.c...
linking...
Program Size: Code=4420 RO-data=336 RW-data=40 ZI-data=3088  
FromELF: creating hex file...
".\Objects\GD32KeilPrj.axf" - 0 Error(s), 0 Warning(s).
Build Time Elapsed:  00:00:02
