*** Using Compiler 'V5.06 update 6 (build 750)', folder: 'D:\Program Files (x86)\ARM\ARMCC\Bin'
Rebuild target 'Target 1'
compiling Queue.c...
compiling Main.c...
compiling RCC.c...
compiling CasyOS.c...
compiling os_q.c...
compiling UART1.c...
compiling misc.c...
compiling os_mutex.c...
compiling os_sem.c...
compiling os_flag.c...
compiling Timer.c...
compiling os_task.c...
compiling os_mem.c...
compiling stm32f10x_bkp.c...
compiling stm32f10x_adc.c...
compiling stm32f10x_cec.c...
compiling stm32f10x_can.c...
compiling stm32f10x_crc.c...
compiling stm32f10x_dac.c...
compiling stm32f10x_dbgmcu.c...
compiling stm32f10x_dma.c...
compiling stm32f10x_exti.c...
compiling stm32f10x_fsmc.c...
compiling stm32f10x_flash.c...
compiling stm32f10x_iwdg.c...
compiling stm32f10x_pwr.c...
compiling stm32f10x_i2c.c...
compiling stm32f10x_rtc.c...
compiling stm32f10x_spi.c...
compiling stm32f10x_sdio.c...
compiling stm32f10x_rcc.c...
compiling stm32f10x_gpio.c...
compiling stm32f10x_usart.c...
compiling stm32f10x_wwdg.c...
assembling startup_stm32f10x_hd.s...
compiling stm32f10x_it.c...
compiling stm32f10x_tim.c...
compiling system_stm32f10x.c...
compiling core_cm3.c...
compiling NVIC.c...
compiling SysTick.c...
linking...
Program Size: Code=5908 RO-data=352 RW-data=160 ZI-data=23776  
FromELF: creating hex file...
".\Objects\STM32KeilPrj.axf" - 0 Error(s), 0 Warning(s).
Build Time Elapsed:  00:00:02
