*** Using Compiler 'V5.06 update 6 (build 750)', folder: 'D:\Program Files (x86)\ARM\ARMCC\Bin'
Rebuild target 'Target 1'
compiling CirQueue.c...
compiling Delay.c...
compiling LED.c...
compiling os_sem.c...
compiling RCU.c...
compiling Main.c...
compiling os_mem.c...
compiling os_mutex.c...
compiling UART0.c...
compiling os_flag.c...
compiling KeyOne.c...
compiling os_q.c...
compiling Timer.c...
compiling CasyOS.c...
compiling os_task.c...
assembling startup_gd32f30x_hd.s...
compiling gd32f30x_fmc.c...
compiling gd32f30x_gpio.c...
compiling gd32f30x_misc.c...
compiling gd32f30x_rcu.c...
compiling gd32f30x_it.c...
compiling NVIC.c...
compiling system_gd32f30x.c...
compiling gd32f30x_usart.c...
compiling gd32f30x_timer.c...
compiling gd32f30x_dma.c...
linking...
Program Size: Code=8492 RO-data=384 RW-data=204 ZI-data=28436  
FromELF: creating hex file...
".\Objects\GD32KeilPrj.axf" - 0 Error(s), 0 Warning(s).
Build Time Elapsed:  00:00:02
